0 verbose cli C:\Program Files\nodejs\node.exe C:\Users\X\AppData\Roaming\npm\node_modules\npm\bin\npm-cli.js
1 info using npm@10.7.0
2 info using node@v20.11.1
3 silly config:load:file:C:\Users\X\AppData\Roaming\npm\node_modules\npm\npmrc
4 silly config:load:file:C:\Users\X\Documents\Codejam\celo-boilerplate-web-dapp\.npmrc
5 silly config:load:file:C:\Users\X\.npmrc
6 silly config:load:file:C:\Users\X\AppData\Roaming\npm\etc\npmrc
7 verbose title npm install
8 verbose argv "install" "--force" "--cache" "C:UsersXAppDataLocalnpm-cache" "--prefer-offline" "false" "--prefer-online" "false" "--offline" "false" "--no-progress" "--no-save" "--no-audit" "--include" "dev" "--include" "peer" "--include" "optional" "--no-package-lock-only" "--no-dry-run"
9 verbose logfile logs-max:10 dir:C:\Users\X\Documents\Codejam\celo-boilerplate-web-dapp\UsersXAppDataLocalnpm-cache\_logs\2024-05-24T13_56_15_709Z-
10 verbose logfile C:\Users\X\Documents\Codejam\celo-boilerplate-web-dapp\UsersXAppDataLocalnpm-cache\_logs\2024-05-24T13_56_15_709Z-debug-0.log
11 warn using --force Recommended protections disabled.
12 silly logfile done cleaning log files
13 silly idealTree buildDeps
14 verbose shrinkwrap failed to load node_modules/.package-lock.json out of date, updated: node_modules
15 http fetch GET 200 https://registry.npmjs.org/npm 3518ms
16 silly reify moves {}
17 verbose reify failed optional dependency C:\Users\X\Documents\Codejam\celo-boilerplate-web-dapp\node_modules\fsevents
18 silly reify mark deleted [
18 silly reify   'C:\\Users\\X\\Documents\\Codejam\\celo-boilerplate-web-dapp\\node_modules\\fsevents'
18 silly reify ]
19 silly ADD
20 notice
20 notice New [33mminor[39m version of npm available! [33m10.7.0[39m -> [34m10.8.0[39m
20 notice Changelog: [34mhttps://github.com/npm/cli/releases/tag/v10.8.0[39m
20 notice To update run: [4mnpm install -g npm@10.8.0[24m
20 notice  { force: true, [Symbol(proc-log.meta)]: true }
21 verbose exit 0
22 info ok
